
Starting:    D:\Microsemi\Libero_SoC\SynplifyPro\bin64\mbin\synbatch.exe
Install:     D:\Microsemi\Libero_SoC\SynplifyPro
Hostname:    ISHA-LENOVO
Date:        Wed Oct 18 10:22:54 2023
Version:     Q-2020.03M-SP1

Arguments:   -product synplify_pro -licensetype synplifypro_actel -batch -log synplify.log shift_reg32_syn.tcl
ProductType: synplify_pro

License checkout: synplifypro_actel
License: synplifypro_actel node-locked 
Licensed Vendor: actel
License Option: actel_oem

Running in Vendor Mode

log file: "D:\Microsemi\projects\project2\Shift32\synthesis\shift_reg32.srr"
Running: synthesis in foreground

Running shift_reg32_syn|synthesis

Running Flow: compile (Compile) on shift_reg32_syn|synthesis
# Wed Oct 18 10:22:55 2023

Running Flow: compile_flow (Compile Process) on shift_reg32_syn|synthesis
# Wed Oct 18 10:22:55 2023

Running: compiler (Compile Input) on shift_reg32_syn|synthesis
# Wed Oct 18 10:22:55 2023

compiler completed
# Wed Oct 18 10:22:56 2023

Return Code: 0
Run Time:00h:00m:01s

Running: multi_srs_gen (Multi-srs Generator) on shift_reg32_syn|synthesis
# Wed Oct 18 10:22:56 2023
Up-To-Date: multi_srs_gen. No run necessary
Complete: Compile Process on shift_reg32_syn|synthesis

Running: premap (Premap) on shift_reg32_syn|synthesis
# Wed Oct 18 10:22:56 2023

premap completed with warnings
# Wed Oct 18 10:22:59 2023

Return Code: 1
Run Time:00h:00m:03s
Complete: Compile on shift_reg32_syn|synthesis

Running Flow: map (Map) on shift_reg32_syn|synthesis
# Wed Oct 18 10:22:59 2023
License granted for 4 parallel jobs

Running: fpga_mapper (Map & Optimize) on shift_reg32_syn|synthesis
# Wed Oct 18 10:22:59 2023
Copied D:\Microsemi\projects\project2\Shift32\synthesis\synwork\shift_reg32_m.srm to D:\Microsemi\projects\project2\Shift32\synthesis\shift_reg32.srm

fpga_mapper completed with warnings
# Wed Oct 18 10:23:05 2023

Return Code: 1
Run Time:00h:00m:06s
Complete: Map on shift_reg32_syn|synthesis
Complete: Logic Synthesis on shift_reg32_syn|synthesis
Copied D:\Microsemi\projects\project2\Shift32\synthesis\shift_reg32.srr to D:\Microsemi\projects\project2\Shift32\synthesis\backup\shift_reg32.srr
TCL script complete: "shift_reg32_syn.tcl"
exit status=0
exit status=0
License checkin: synplifypro_actel
