
Copyright (C) 1994-2020 Synopsys, Inc.
This Synopsys software and all associated documentation are proprietary to Synopsys, Inc.
and may only be used pursuant to the terms and conditions of a written license agreement
with Synopsys, Inc. All other use, reproduction, modification, or distribution of the
Synopsys software or the associated documentation is strictly prohibited.
Tool: Synplify Pro (R)
Build: Q-2020.03M-SP1
Install: D:\Microsemi\Libero_SoC\SynplifyPro
OS: Windows 6.2

Hostname: ISHA-LENOVO

Implementation : synthesis

# Written on Wed Oct 18 13:14:55 2023

##### FILES SYNTAX CHECKED ##############################################
Constraint File(s):      "D:\Microsemi\projects\project2\Counter\designer\Counter16\synthesis.fdc"

#Run constraint checker to find more issues with constraints.
#########################################################################



No issues found in constraint syntax.



Clock Summary
*************

          Start             Requested     Requested     Clock        Clock                   Clock
Level     Clock             Frequency     Period        Type         Group                   Load 
--------------------------------------------------------------------------------------------------
0 -       Counter16|clk     100.0 MHz     10.000        inferred     Inferred_clkgroup_0     16   
==================================================================================================


Clock Load Summary
******************

                  Clock     Source        Clock Pin       Non-clock Pin     Non-clock Pin
Clock             Load      Pin           Seq Example     Seq Example       Comb Example 
-----------------------------------------------------------------------------------------
Counter16|clk     16        clk(port)     Q[15:0].C       -                 -            
=========================================================================================
