
Starting:    D:\Microsemi\Libero_SoC\SynplifyPro\bin64\mbin\synbatch.exe
Install:     D:\Microsemi\Libero_SoC\SynplifyPro
Hostname:    ISHA-LENOVO
Date:        Wed Oct 18 13:14:47 2023
Version:     Q-2020.03M-SP1

Arguments:   -product synplify_pro -licensetype synplifypro_actel -batch -log synplify.log Counter16_syn.tcl
ProductType: synplify_pro

License checkout: synplifypro_actel
License: synplifypro_actel node-locked 
Licensed Vendor: actel
License Option: actel_oem

Running in Vendor Mode

"automatic_compile_point" is unrecognized option for current device
Implementation not found: synthesis
log file: "D:\Microsemi\projects\project2\Counter\synthesis\Counter16.srr"
Running: synthesis in foreground

Running Counter16_syn|synthesis

Running Flow: compile (Compile) on Counter16_syn|synthesis
# Wed Oct 18 13:14:49 2023

Running Flow: compile_flow (Compile Process) on Counter16_syn|synthesis
# Wed Oct 18 13:14:49 2023

Running: compiler (Compile Input) on Counter16_syn|synthesis
# Wed Oct 18 13:14:49 2023
Copied D:\Microsemi\projects\project2\Counter\synthesis\synwork\Counter16_comp.srs to D:\Microsemi\projects\project2\Counter\synthesis\Counter16.srs

compiler completed
# Wed Oct 18 13:14:53 2023

Return Code: 0
Run Time:00h:00m:04s

Running: multi_srs_gen (Multi-srs Generator) on Counter16_syn|synthesis
# Wed Oct 18 13:14:53 2023

multi_srs_gen completed
# Wed Oct 18 13:14:53 2023

Return Code: 0
Run Time:00h:00m:00s
Copied D:\Microsemi\projects\project2\Counter\synthesis\synwork\Counter16_mult.srs to D:\Microsemi\projects\project2\Counter\synthesis\Counter16.srs
Complete: Compile Process on Counter16_syn|synthesis

Running: premap (Premap) on Counter16_syn|synthesis
# Wed Oct 18 13:14:53 2023

premap completed with warnings
# Wed Oct 18 13:14:57 2023

Return Code: 1
Run Time:00h:00m:04s
Complete: Compile on Counter16_syn|synthesis

Running Flow: map (Map) on Counter16_syn|synthesis
# Wed Oct 18 13:14:57 2023
License granted for 4 parallel jobs

Running: fpga_mapper (Map & Optimize) on Counter16_syn|synthesis
# Wed Oct 18 13:14:57 2023
Copied D:\Microsemi\projects\project2\Counter\synthesis\synwork\Counter16_m.srm to D:\Microsemi\projects\project2\Counter\synthesis\Counter16.srm

fpga_mapper completed with warnings
# Wed Oct 18 13:15:03 2023

Return Code: 1
Run Time:00h:00m:06s
Complete: Map on Counter16_syn|synthesis
Complete: Logic Synthesis on Counter16_syn|synthesis
Copied D:\Microsemi\projects\project2\Counter\synthesis\Counter16.srr to D:\Microsemi\projects\project2\Counter\synthesis\backup\Counter16.srr
TCL script complete: "Counter16_syn.tcl"
exit status=0
exit status=0
License checkin: synplifypro_actel
