Resource Usage Report for Counter16 

Mapping to part: m2s010vf400std
Cell usage:
CLKINT          1 use
CFG1           2 uses
CFG2           1 use

Carry cells:
ARI1            16 uses - used for arithmetic functions


Sequential Cells: 
SLE            16 uses

DSP Blocks:    0 of 22 (0%)

I/O ports: 19
I/O primitives: 19
INBUF          3 uses
OUTBUF         16 uses


Global Clock Buffers: 1

Total LUTs:    19

Extra resources required for RAM and MACC interface logic during P&R:

RAM64x18 Interface Logic : SLEs = 0; LUTs = 0;
RAM1K18  Interface Logic : SLEs = 0; LUTs = 0;
MACC     Interface Logic : SLEs = 0; LUTs = 0;

Total number of SLEs after P&R:  16 + 0 + 0 + 0 = 16;
Total number of LUTs after P&R:  19 + 0 + 0 + 0 = 19;

