
Copyright (C) 1994-2020 Synopsys, Inc.
This Synopsys software and all associated documentation are proprietary to Synopsys, Inc.
and may only be used pursuant to the terms and conditions of a written license agreement
with Synopsys, Inc. All other use, reproduction, modification, or distribution of the
Synopsys software or the associated documentation is strictly prohibited.
Tool: Synplify Pro (R)
Build: Q-2020.03M-SP1
Install: D:\Microsemi\Libero_SoC\SynplifyPro
OS: Windows 6.2

Hostname: ISHA-LENOVO

Implementation : synthesis
Synopsys HDL compiler and linker, Version comp202003synp2, Build 170R, Built Oct 21 2020 10:52:30, @

Modified Files: 6
FID:  path (prevtimestamp, timestamp)
0        D:\Microsemi\Libero_SoC\SynplifyPro\lib\generic\smartfusion2.v (N/A, 2020-11-03 00:58:10)
1        D:\Microsemi\Libero_SoC\SynplifyPro\lib\vlog\hypermods.v (N/A, 2020-11-03 00:58:13)
2        D:\Microsemi\Libero_SoC\SynplifyPro\lib\vlog\scemi_objects.v (N/A, 2020-11-03 00:58:13)
3        D:\Microsemi\Libero_SoC\SynplifyPro\lib\vlog\scemi_pipes.svh (N/A, 2020-11-03 00:58:13)
4        D:\Microsemi\Libero_SoC\SynplifyPro\lib\vlog\umr_capim.v (N/A, 2020-11-03 00:58:13)
5        D:\Microsemi\projects\project2\Shifter\hdl\Shifter.v (N/A, 2023-10-18 12:48:44)

*******************************************************************
Modules that may have changed as a result of file changes: 1
MID:  lib.cell.view
0        work.Shifter.verilog may have changed because the following files changed:
                        D:\Microsemi\projects\project2\Shifter\hdl\Shifter.v (N/A, 2023-10-18 12:48:44) <-- (module definition)

*******************************************************************
Unmodified files: 0
FID:  path (timestamp)

*******************************************************************
Unchanged modules: 0
MID:  lib.cell.view
